0 verbose cli /data/data/com.termux/files/usr/bin/node /data/data/com.termux/files/usr/bin/npm
1 info using npm@11.16.0
2 info using node@v26.2.0
3 silly config load:file:/data/data/com.termux/files/usr/lib/node_modules/npm/npmrc
4 silly config load:file:/data/data/com.termux/files/home/gizli-cat/.npmrc
5 silly config load:file:/data/data/com.termux/files/home/.npmrc
6 silly config load:file:/data/data/com.termux/files/usr/etc/npmrc
7 verbose title npm install express socket.io
8 verbose argv "install" "express" "socket.io"
9 verbose logfile logs-max:10 dir:/data/data/com.termux/files/home/.npm/_logs/2026-06-07T23_23_23_686Z-
10 verbose logfile /data/data/com.termux/files/home/.npm/_logs/2026-06-07T23_23_23_686Z-debug-0.log
11 silly logfile done cleaning log files
12 silly packumentCache heap:1174405120 maxSize:293601280 maxEntrySize:146800640
13 silly idealTree buildDeps
14 silly fetch manifest express@*
15 silly packumentCache full:https://registry.npmjs.org/express cache-miss
16 http fetch GET 200 https://registry.npmjs.org/express 532ms (cache miss)
17 silly packumentCache full:https://registry.npmjs.org/express set size:undefined disposed:false
18 silly fetch manifest socket.io@*
19 silly packumentCache full:https://registry.npmjs.org/socket.io cache-miss
20 http fetch GET 200 https://registry.npmjs.org/socket.io 408ms (cache miss)
21 silly packumentCache full:https://registry.npmjs.org/socket.io set size:undefined disposed:false
22 silly placeDep ROOT express@5.2.1 OK for: gizli-cat@1.0.0 want: *
23 silly placeDep ROOT socket.io@4.8.3 OK for: gizli-cat@1.0.0 want: *
24 silly fetch manifest qs@^6.14.0
25 silly packumentCache full:https://registry.npmjs.org/qs cache-miss
26 silly fetch manifest depd@^2.0.0
27 silly packumentCache full:https://registry.npmjs.org/depd cache-miss
28 silly fetch manifest etag@^1.8.1
29 silly packumentCache full:https://registry.npmjs.org/etag cache-miss
30 silly fetch manifest once@^1.4.0
31 silly packumentCache full:https://registry.npmjs.org/once cache-miss
32 silly fetch manifest send@^1.1.0
33 silly packumentCache full:https://registry.npmjs.org/send cache-miss
34 http fetch GET 200 https://registry.npmjs.org/etag 312ms (cache miss)
35 silly packumentCache full:https://registry.npmjs.org/etag set size:undefined disposed:false
36 silly fetch manifest vary@^1.1.2
37 silly packumentCache full:https://registry.npmjs.org/vary cache-miss
38 http fetch GET 200 https://registry.npmjs.org/depd 326ms (cache miss)
39 silly packumentCache full:https://registry.npmjs.org/depd set size:undefined disposed:false
40 silly fetch manifest debug@^4.4.0
41 silly packumentCache full:https://registry.npmjs.org/debug cache-miss
42 http fetch GET 200 https://registry.npmjs.org/once 334ms (cache miss)
43 silly packumentCache full:https://registry.npmjs.org/once set size:undefined disposed:false
44 silly fetch manifest fresh@^2.0.0
45 silly packumentCache full:https://registry.npmjs.org/fresh cache-miss
46 http fetch GET 200 https://registry.npmjs.org/qs 343ms (cache miss)
47 silly packumentCache full:https://registry.npmjs.org/qs set size:undefined disposed:false
48 silly fetch manifest cookie@^0.7.1
49 silly packumentCache full:https://registry.npmjs.org/cookie cache-miss
50 http fetch GET 200 https://registry.npmjs.org/send 367ms (cache miss)
51 silly packumentCache full:https://registry.npmjs.org/send set size:undefined disposed:false
52 silly fetch manifest router@^2.2.0
53 silly packumentCache full:https://registry.npmjs.org/router cache-miss
54 http fetch GET 200 https://registry.npmjs.org/vary 264ms (cache miss)
55 silly packumentCache full:https://registry.npmjs.org/vary set size:undefined disposed:false
56 silly fetch manifest accepts@^2.0.0
57 silly packumentCache full:https://registry.npmjs.org/accepts cache-miss
58 http fetch GET 200 https://registry.npmjs.org/debug 292ms (cache miss)
59 silly packumentCache full:https://registry.npmjs.org/debug set size:undefined disposed:false
60 silly fetch manifest type-is@^2.0.1
61 silly packumentCache full:https://registry.npmjs.org/type-is cache-miss
62 http fetch GET 200 https://registry.npmjs.org/fresh 299ms (cache miss)
63 silly packumentCache full:https://registry.npmjs.org/fresh set size:undefined disposed:false
64 silly fetch manifest parseurl@^1.3.3
65 silly packumentCache full:https://registry.npmjs.org/parseurl cache-miss
66 http fetch GET 200 https://registry.npmjs.org/cookie 293ms (cache miss)
67 silly packumentCache full:https://registry.npmjs.org/cookie set size:undefined disposed:false
68 silly fetch manifest statuses@^2.0.1
69 silly packumentCache full:https://registry.npmjs.org/statuses cache-miss
70 http fetch GET 200 https://registry.npmjs.org/router 286ms (cache miss)
71 silly packumentCache full:https://registry.npmjs.org/router set size:undefined disposed:false
72 silly fetch manifest encodeurl@^2.0.0
73 silly packumentCache full:https://registry.npmjs.org/encodeurl cache-miss
74 http fetch GET 200 https://registry.npmjs.org/accepts 254ms (cache miss)
75 silly packumentCache full:https://registry.npmjs.org/accepts set size:undefined disposed:false
76 silly fetch manifest mime-types@^3.0.0
77 silly packumentCache full:https://registry.npmjs.org/mime-types cache-miss
78 http fetch GET 200 https://registry.npmjs.org/type-is 263ms (cache miss)
79 silly packumentCache full:https://registry.npmjs.org/type-is set size:undefined disposed:false
80 silly fetch manifest proxy-addr@^2.0.7
81 silly packumentCache full:https://registry.npmjs.org/proxy-addr cache-miss
82 http fetch GET 200 https://registry.npmjs.org/parseurl 265ms (cache miss)
83 silly packumentCache full:https://registry.npmjs.org/parseurl set size:undefined disposed:false
84 silly fetch manifest body-parser@^2.2.1
85 silly packumentCache full:https://registry.npmjs.org/body-parser cache-miss
86 http fetch GET 200 https://registry.npmjs.org/statuses 263ms (cache miss)
87 silly packumentCache full:https://registry.npmjs.org/statuses set size:undefined disposed:false
88 silly fetch manifest escape-html@^1.0.3
89 silly packumentCache full:https://registry.npmjs.org/escape-html cache-miss
90 http fetch GET 200 https://registry.npmjs.org/encodeurl 256ms (cache miss)
91 silly packumentCache full:https://registry.npmjs.org/encodeurl set size:undefined disposed:false
92 silly fetch manifest http-errors@^2.0.0
93 silly packumentCache full:https://registry.npmjs.org/http-errors cache-miss
94 http fetch GET 200 https://registry.npmjs.org/mime-types 257ms (cache miss)
95 silly packumentCache full:https://registry.npmjs.org/mime-types set size:undefined disposed:false
96 silly fetch manifest on-finished@^2.4.1
97 silly packumentCache full:https://registry.npmjs.org/on-finished cache-miss
98 http fetch GET 200 https://registry.npmjs.org/proxy-addr 266ms (cache miss)
99 silly packumentCache full:https://registry.npmjs.org/proxy-addr set size:undefined disposed:false
100 silly fetch manifest content-type@^1.0.5
101 silly packumentCache full:https://registry.npmjs.org/content-type cache-miss
102 http fetch GET 200 https://registry.npmjs.org/escape-html 261ms (cache miss)
103 silly packumentCache full:https://registry.npmjs.org/escape-html set size:undefined disposed:false
104 silly fetch manifest finalhandler@^2.1.0
105 silly packumentCache full:https://registry.npmjs.org/finalhandler cache-miss
106 http fetch GET 200 https://registry.npmjs.org/http-errors 262ms (cache miss)
107 silly packumentCache full:https://registry.npmjs.org/http-errors set size:undefined disposed:false
108 silly fetch manifest range-parser@^1.2.1
109 silly packumentCache full:https://registry.npmjs.org/range-parser cache-miss
110 http fetch GET 200 https://registry.npmjs.org/body-parser 290ms (cache miss)
111 silly packumentCache full:https://registry.npmjs.org/body-parser set size:undefined disposed:false
112 silly fetch manifest serve-static@^2.2.0
113 silly packumentCache full:https://registry.npmjs.org/serve-static cache-miss
114 http fetch GET 200 https://registry.npmjs.org/on-finished 252ms (cache miss)
115 silly packumentCache full:https://registry.npmjs.org/on-finished set size:undefined disposed:false
116 silly fetch manifest cookie-signature@^1.2.1
117 silly packumentCache full:https://registry.npmjs.org/cookie-signature cache-miss
118 http fetch GET 200 https://registry.npmjs.org/content-type 268ms (cache miss)
119 silly packumentCache full:https://registry.npmjs.org/content-type set size:undefined disposed:false
120 silly fetch manifest merge-descriptors@^2.0.0
121 silly packumentCache full:https://registry.npmjs.org/merge-descriptors cache-miss
122 http fetch GET 200 https://registry.npmjs.org/finalhandler 273ms (cache miss)
123 silly packumentCache full:https://registry.npmjs.org/finalhandler set size:undefined disposed:false
124 silly fetch manifest content-disposition@^1.0.0
125 silly packumentCache full:https://registry.npmjs.org/content-disposition cache-miss
126 http fetch GET 200 https://registry.npmjs.org/range-parser 271ms (cache miss)
127 silly packumentCache full:https://registry.npmjs.org/range-parser set size:undefined disposed:false
128 silly fetch manifest accepts@~1.3.4
129 silly packumentCache full:https://registry.npmjs.org/accepts cache-miss
130 http fetch GET 200 https://registry.npmjs.org/serve-static 265ms (cache miss)
131 silly packumentCache full:https://registry.npmjs.org/serve-static set size:undefined disposed:false
132 silly fetch manifest base64id@~2.0.0
133 silly packumentCache full:https://registry.npmjs.org/base64id cache-miss
134 http cache https://registry.npmjs.org/accepts 28ms (cache hit)
135 silly packumentCache full:https://registry.npmjs.org/accepts set size:77054 disposed:false
136 silly fetch manifest cors@~2.8.5
137 silly packumentCache full:https://registry.npmjs.org/cors cache-miss
138 http fetch GET 200 https://registry.npmjs.org/cookie-signature 251ms (cache miss)
139 silly packumentCache full:https://registry.npmjs.org/cookie-signature set size:undefined disposed:false
140 silly fetch manifest debug@~4.4.1
141 silly packumentCache full:https://registry.npmjs.org/debug cache-miss
142 http cache https://registry.npmjs.org/debug 8ms (cache hit)
143 silly packumentCache full:https://registry.npmjs.org/debug set size:195840 disposed:false
144 silly fetch manifest engine.io@~6.6.0
145 silly packumentCache full:https://registry.npmjs.org/engine.io cache-miss
146 http fetch GET 200 https://registry.npmjs.org/merge-descriptors 249ms (cache miss)
147 silly packumentCache full:https://registry.npmjs.org/merge-descriptors set size:undefined disposed:false
148 silly fetch manifest socket.io-adapter@~2.5.2
149 silly packumentCache full:https://registry.npmjs.org/socket.io-adapter cache-miss
150 http fetch GET 200 https://registry.npmjs.org/content-disposition 255ms (cache miss)
151 silly packumentCache full:https://registry.npmjs.org/content-disposition set size:undefined disposed:false
152 silly fetch manifest socket.io-parser@~4.2.4
153 silly packumentCache full:https://registry.npmjs.org/socket.io-parser cache-miss
154 http fetch GET 200 https://registry.npmjs.org/base64id 269ms (cache miss)
155 silly packumentCache full:https://registry.npmjs.org/base64id set size:undefined disposed:false
156 http fetch GET 200 https://registry.npmjs.org/cors 255ms (cache miss)
157 silly packumentCache full:https://registry.npmjs.org/cors set size:undefined disposed:false
158 http fetch GET 200 https://registry.npmjs.org/engine.io 263ms (cache miss)
159 silly packumentCache full:https://registry.npmjs.org/engine.io set size:undefined disposed:false
160 http fetch GET 200 https://registry.npmjs.org/socket.io-adapter 250ms (cache miss)
161 silly packumentCache full:https://registry.npmjs.org/socket.io-adapter set size:undefined disposed:false
162 http fetch GET 200 https://registry.npmjs.org/socket.io-parser 262ms (cache miss)
163 silly packumentCache full:https://registry.npmjs.org/socket.io-parser set size:undefined disposed:false
164 silly placeDep ROOT accepts@2.0.0 OK for: express@5.2.1 want: ^2.0.0
165 silly placeDep ROOT body-parser@2.2.2 OK for: express@5.2.1 want: ^2.2.1
166 silly placeDep ROOT content-disposition@1.1.0 OK for: express@5.2.1 want: ^1.0.0
167 silly placeDep ROOT content-type@1.0.5 OK for: express@5.2.1 want: ^1.0.5
168 silly placeDep ROOT cookie@0.7.2 OK for: express@5.2.1 want: ^0.7.1
169 silly placeDep ROOT cookie-signature@1.2.2 OK for: express@5.2.1 want: ^1.2.1
170 silly placeDep ROOT debug@4.4.3 OK for: express@5.2.1 want: ^4.4.0
171 silly placeDep ROOT depd@2.0.0 OK for: express@5.2.1 want: ^2.0.0
172 silly placeDep ROOT encodeurl@2.0.0 OK for: express@5.2.1 want: ^2.0.0
173 silly placeDep ROOT escape-html@1.0.3 OK for: express@5.2.1 want: ^1.0.3
174 silly placeDep ROOT etag@1.8.1 OK for: express@5.2.1 want: ^1.8.1
175 silly placeDep ROOT finalhandler@2.1.1 OK for: express@5.2.1 want: ^2.1.0
176 silly placeDep ROOT fresh@2.0.0 OK for: express@5.2.1 want: ^2.0.0
177 silly placeDep ROOT http-errors@2.0.1 OK for: express@5.2.1 want: ^2.0.0
178 silly placeDep ROOT merge-descriptors@2.0.0 OK for: express@5.2.1 want: ^2.0.0
179 silly placeDep ROOT mime-types@3.0.2 OK for: express@5.2.1 want: ^3.0.0
180 silly placeDep ROOT on-finished@2.4.1 OK for: express@5.2.1 want: ^2.4.1
181 silly placeDep ROOT once@1.4.0 OK for: express@5.2.1 want: ^1.4.0
182 silly placeDep ROOT parseurl@1.3.3 OK for: express@5.2.1 want: ^1.3.3
183 silly placeDep ROOT proxy-addr@2.0.7 OK for: express@5.2.1 want: ^2.0.7
184 silly placeDep ROOT qs@6.15.2 OK for: express@5.2.1 want: ^6.14.0
185 silly placeDep ROOT range-parser@1.2.1 OK for: express@5.2.1 want: ^1.2.1
186 silly placeDep ROOT router@2.2.0 OK for: express@5.2.1 want: ^2.2.0
187 silly placeDep ROOT send@1.2.1 OK for: express@5.2.1 want: ^1.1.0
188 silly placeDep ROOT serve-static@2.2.1 OK for: express@5.2.1 want: ^2.2.0
189 silly placeDep ROOT statuses@2.0.2 OK for: express@5.2.1 want: ^2.0.1
190 silly placeDep ROOT type-is@2.1.0 OK for: express@5.2.1 want: ^2.0.1
191 silly placeDep ROOT vary@1.1.2 OK for: express@5.2.1 want: ^1.1.2
192 silly fetch manifest negotiator@^1.0.0
193 silly packumentCache full:https://registry.npmjs.org/negotiator cache-miss
194 silly fetch manifest qs@^6.14.1
195 silly packumentCache full:https://registry.npmjs.org/qs cache-miss
196 silly fetch manifest bytes@^3.1.2
197 silly packumentCache full:https://registry.npmjs.org/bytes cache-miss
198 silly fetch manifest debug@^4.4.3
199 silly packumentCache full:https://registry.npmjs.org/debug cache-hit
200 silly fetch manifest raw-body@^3.0.1
201 silly packumentCache full:https://registry.npmjs.org/raw-body cache-miss
202 silly fetch manifest iconv-lite@^0.7.0
203 silly packumentCache full:https://registry.npmjs.org/iconv-lite cache-miss
204 http cache https://registry.npmjs.org/qs 25ms (cache hit)
205 silly packumentCache full:https://registry.npmjs.org/qs set size:356906 disposed:false
206 silly fetch manifest ms@^2.1.3
207 silly packumentCache full:https://registry.npmjs.org/ms cache-miss
208 http fetch GET 200 https://registry.npmjs.org/bytes 332ms (cache miss)
209 silly packumentCache full:https://registry.npmjs.org/bytes set size:undefined disposed:false
210 silly fetch manifest inherits@~2.0.4
211 silly packumentCache full:https://registry.npmjs.org/inherits cache-miss
212 http fetch GET 200 https://registry.npmjs.org/negotiator 343ms (cache miss)
213 silly packumentCache full:https://registry.npmjs.org/negotiator set size:undefined disposed:false
214 silly fetch manifest setprototypeof@~1.2.0
215 silly packumentCache full:https://registry.npmjs.org/setprototypeof cache-miss
216 http fetch GET 200 https://registry.npmjs.org/raw-body 344ms (cache miss)
217 silly packumentCache full:https://registry.npmjs.org/raw-body set size:undefined disposed:false
218 silly fetch manifest statuses@~2.0.2
219 silly packumentCache full:https://registry.npmjs.org/statuses cache-miss
220 http fetch GET 200 https://registry.npmjs.org/iconv-lite 349ms (cache miss)
221 silly packumentCache full:https://registry.npmjs.org/iconv-lite set size:undefined disposed:false
222 silly fetch manifest toidentifier@~1.0.1
223 silly packumentCache full:https://registry.npmjs.org/toidentifier cache-miss
224 http cache https://registry.npmjs.org/statuses 16ms (cache hit)
225 silly packumentCache full:https://registry.npmjs.org/statuses set size:37117 disposed:false
226 silly fetch manifest mime-db@^1.54.0
227 silly packumentCache full:https://registry.npmjs.org/mime-db cache-miss
228 http fetch GET 200 https://registry.npmjs.org/ms 474ms (cache miss)
229 silly packumentCache full:https://registry.npmjs.org/ms set size:undefined disposed:false
230 silly fetch manifest ee-first@1.1.1
231 silly packumentCache full:https://registry.npmjs.org/ee-first cache-miss
232 http fetch GET 200 https://registry.npmjs.org/inherits 257ms (cache miss)
233 silly packumentCache full:https://registry.npmjs.org/inherits set size:undefined disposed:false
234 silly fetch manifest wrappy@1
235 silly packumentCache full:https://registry.npmjs.org/wrappy cache-miss
236 http fetch GET 200 https://registry.npmjs.org/setprototypeof 260ms (cache miss)
237 silly packumentCache full:https://registry.npmjs.org/setprototypeof set size:undefined disposed:false
238 silly fetch manifest forwarded@0.2.0
239 silly packumentCache full:https://registry.npmjs.org/forwarded cache-miss
240 http fetch GET 200 https://registry.npmjs.org/toidentifier 260ms (cache miss)
241 silly packumentCache full:https://registry.npmjs.org/toidentifier set size:undefined disposed:false
242 silly fetch manifest ipaddr.js@1.9.1
243 silly packumentCache full:https://registry.npmjs.org/ipaddr.js cache-miss
244 http fetch GET 200 https://registry.npmjs.org/mime-db 258ms (cache miss)
245 silly packumentCache full:https://registry.npmjs.org/mime-db set size:undefined disposed:false
246 silly fetch manifest side-channel@^1.1.0
247 silly packumentCache full:https://registry.npmjs.org/side-channel cache-miss
248 http fetch GET 200 https://registry.npmjs.org/ee-first 256ms (cache miss)
249 silly packumentCache full:https://registry.npmjs.org/ee-first set size:undefined disposed:false
250 silly fetch manifest is-promise@^4.0.0
251 silly packumentCache full:https://registry.npmjs.org/is-promise cache-miss
252 http fetch GET 200 https://registry.npmjs.org/wrappy 258ms (cache miss)
253 silly packumentCache full:https://registry.npmjs.org/wrappy set size:undefined disposed:false
254 silly fetch manifest path-to-regexp@^8.0.0
255 silly packumentCache full:https://registry.npmjs.org/path-to-regexp cache-miss
256 http fetch GET 200 https://registry.npmjs.org/forwarded 261ms (cache miss)
257 silly packumentCache full:https://registry.npmjs.org/forwarded set size:undefined disposed:false
258 silly fetch manifest statuses@^2.0.2
259 silly packumentCache full:https://registry.npmjs.org/statuses cache-hit
260 silly fetch manifest content-type@^2.0.0
261 silly packumentCache full:https://registry.npmjs.org/content-type cache-miss
262 http cache https://registry.npmjs.org/content-type 12ms (cache hit)
263 silly packumentCache full:https://registry.npmjs.org/content-type set size:18994 disposed:false
264 silly fetch manifest media-typer@^1.1.0
265 silly packumentCache full:https://registry.npmjs.org/media-typer cache-miss
266 http fetch GET 200 https://registry.npmjs.org/ipaddr.js 268ms (cache miss)
267 silly packumentCache full:https://registry.npmjs.org/ipaddr.js set size:undefined disposed:false
268 http fetch GET 200 https://registry.npmjs.org/side-channel 260ms (cache miss)
269 silly packumentCache full:https://registry.npmjs.org/side-channel set size:undefined disposed:false
270 http fetch GET 200 https://registry.npmjs.org/is-promise 248ms (cache miss)
271 silly packumentCache full:https://registry.npmjs.org/is-promise set size:undefined disposed:false
272 http fetch GET 200 https://registry.npmjs.org/path-to-regexp 273ms (cache miss)
273 silly packumentCache full:https://registry.npmjs.org/path-to-regexp set size:undefined disposed:false
274 http fetch GET 200 https://registry.npmjs.org/media-typer 260ms (cache miss)
275 silly packumentCache full:https://registry.npmjs.org/media-typer set size:undefined disposed:false
276 silly placeDep ROOT negotiator@1.0.0 OK for: accepts@2.0.0 want: ^1.0.0
277 silly placeDep ROOT bytes@3.1.2 OK for: body-parser@2.2.2 want: ^3.1.2
278 silly placeDep ROOT iconv-lite@0.7.2 OK for: body-parser@2.2.2 want: ^0.7.0
279 silly placeDep ROOT raw-body@3.0.2 OK for: body-parser@2.2.2 want: ^3.0.1
280 silly fetch manifest safer-buffer@>= 2.1.2 < 3.0.0
281 silly packumentCache full:https://registry.npmjs.org/safer-buffer cache-miss
282 silly fetch manifest unpipe@~1.0.0
283 silly packumentCache full:https://registry.npmjs.org/unpipe cache-miss
284 http fetch GET 200 https://registry.npmjs.org/unpipe 290ms (cache miss)
285 silly packumentCache full:https://registry.npmjs.org/unpipe set size:undefined disposed:false
286 http fetch GET 200 https://registry.npmjs.org/safer-buffer 295ms (cache miss)
287 silly packumentCache full:https://registry.npmjs.org/safer-buffer set size:undefined disposed:false
288 silly placeDep ROOT ms@2.1.3 OK for: debug@4.4.3 want: ^2.1.3
289 silly placeDep ROOT inherits@2.0.4 OK for: http-errors@2.0.1 want: ~2.0.4
290 silly placeDep ROOT setprototypeof@1.2.0 OK for: http-errors@2.0.1 want: ~1.2.0
291 silly placeDep ROOT toidentifier@1.0.1 OK for: http-errors@2.0.1 want: ~1.0.1
292 silly placeDep ROOT safer-buffer@2.1.2 OK for: iconv-lite@0.7.2 want: >= 2.1.2 < 3.0.0
293 silly placeDep ROOT mime-db@1.54.0 OK for: mime-types@3.0.2 want: ^1.54.0
294 silly placeDep ROOT ee-first@1.1.1 OK for: on-finished@2.4.1 want: 1.1.1
295 silly placeDep ROOT wrappy@1.0.2 OK for: once@1.4.0 want: 1
296 silly placeDep ROOT forwarded@0.2.0 OK for: proxy-addr@2.0.7 want: 0.2.0
297 silly placeDep ROOT ipaddr.js@1.9.1 OK for: proxy-addr@2.0.7 want: 1.9.1
298 silly placeDep ROOT side-channel@1.1.0 OK for: qs@6.15.2 want: ^1.1.0
299 silly fetch manifest es-errors@^1.3.0
300 silly packumentCache full:https://registry.npmjs.org/es-errors cache-miss
301 silly fetch manifest object-inspect@^1.13.3
302 silly packumentCache full:https://registry.npmjs.org/object-inspect cache-miss
303 silly fetch manifest side-channel-list@^1.0.0
304 silly packumentCache full:https://registry.npmjs.org/side-channel-list cache-miss
305 silly fetch manifest side-channel-map@^1.0.1
306 silly packumentCache full:https://registry.npmjs.org/side-channel-map cache-miss
307 silly fetch manifest side-channel-weakmap@^1.0.2
308 silly packumentCache full:https://registry.npmjs.org/side-channel-weakmap cache-miss
309 http fetch GET 200 https://registry.npmjs.org/side-channel-weakmap 314ms (cache miss)
310 silly packumentCache full:https://registry.npmjs.org/side-channel-weakmap set size:undefined disposed:false
311 http fetch GET 200 https://registry.npmjs.org/es-errors 323ms (cache miss)
312 silly packumentCache full:https://registry.npmjs.org/es-errors set size:undefined disposed:false
313 http fetch GET 200 https://registry.npmjs.org/side-channel-list 324ms (cache miss)
314 silly packumentCache full:https://registry.npmjs.org/side-channel-list set size:undefined disposed:false
315 http fetch GET 200 https://registry.npmjs.org/side-channel-map 326ms (cache miss)
316 silly packumentCache full:https://registry.npmjs.org/side-channel-map set size:undefined disposed:false
317 http fetch GET 200 https://registry.npmjs.org/object-inspect 332ms (cache miss)
318 silly packumentCache full:https://registry.npmjs.org/object-inspect set size:undefined disposed:false
319 silly placeDep ROOT unpipe@1.0.0 OK for: raw-body@3.0.2 want: ~1.0.0
320 silly placeDep ROOT is-promise@4.0.0 OK for: router@2.2.0 want: ^4.0.0
321 silly placeDep ROOT path-to-regexp@8.4.2 OK for: router@2.2.0 want: ^8.0.0
322 silly placeDep ROOT es-errors@1.3.0 OK for: side-channel@1.1.0 want: ^1.3.0
323 silly placeDep ROOT object-inspect@1.13.4 OK for: side-channel@1.1.0 want: ^1.13.3
324 silly placeDep ROOT side-channel-list@1.0.1 OK for: side-channel@1.1.0 want: ^1.0.0
325 silly placeDep ROOT side-channel-map@1.0.1 OK for: side-channel@1.1.0 want: ^1.0.1
326 silly placeDep ROOT side-channel-weakmap@1.0.2 OK for: side-channel@1.1.0 want: ^1.0.2
327 silly fetch manifest call-bound@^1.0.2
328 silly packumentCache full:https://registry.npmjs.org/call-bound cache-miss
329 silly fetch manifest get-intrinsic@^1.2.5
330 silly packumentCache full:https://registry.npmjs.org/get-intrinsic cache-miss
331 silly fetch manifest call-bound@^1.0.2
332 silly packumentCache full:https://registry.npmjs.org/call-bound cache-miss
333 silly fetch manifest get-intrinsic@^1.2.5
334 silly packumentCache full:https://registry.npmjs.org/get-intrinsic cache-miss
335 http fetch GET 200 https://registry.npmjs.org/call-bound 344ms (cache miss)
336 silly packumentCache full:https://registry.npmjs.org/call-bound set size:undefined disposed:false
337 http fetch GET 200 https://registry.npmjs.org/call-bound 347ms (cache miss)
338 silly packumentCache full:https://registry.npmjs.org/call-bound set size:undefined disposed:false
339 http fetch GET 200 https://registry.npmjs.org/get-intrinsic 349ms (cache miss)
340 silly packumentCache full:https://registry.npmjs.org/get-intrinsic set size:undefined disposed:false
341 http fetch GET 200 https://registry.npmjs.org/get-intrinsic 356ms (cache miss)
342 silly packumentCache full:https://registry.npmjs.org/get-intrinsic set size:undefined disposed:false
343 silly placeDep ROOT call-bound@1.0.4 OK for: side-channel-map@1.0.1 want: ^1.0.2
344 silly placeDep ROOT get-intrinsic@1.3.0 OK for: side-channel-map@1.0.1 want: ^1.2.5
345 silly fetch manifest call-bind-apply-helpers@^1.0.2
346 silly packumentCache full:https://registry.npmjs.org/call-bind-apply-helpers cache-miss
347 silly fetch manifest get-intrinsic@^1.3.0
348 silly packumentCache full:https://registry.npmjs.org/get-intrinsic cache-miss
349 silly fetch manifest gopd@^1.2.0
350 silly packumentCache full:https://registry.npmjs.org/gopd cache-miss
351 silly fetch manifest hasown@^2.0.2
352 silly packumentCache full:https://registry.npmjs.org/hasown cache-miss
353 silly fetch manifest get-proto@^1.0.1
354 silly packumentCache full:https://registry.npmjs.org/get-proto cache-miss
355 http cache https://registry.npmjs.org/get-intrinsic 31ms (cache hit)
356 silly packumentCache full:https://registry.npmjs.org/get-intrinsic set size:60985 disposed:false
357 silly fetch manifest has-symbols@^1.1.0
358 silly packumentCache full:https://registry.npmjs.org/has-symbols cache-miss
359 http fetch GET 200 https://registry.npmjs.org/get-proto 345ms (cache miss)
360 silly packumentCache full:https://registry.npmjs.org/get-proto set size:undefined disposed:false
361 silly fetch manifest function-bind@^1.1.2
362 silly packumentCache full:https://registry.npmjs.org/function-bind cache-miss
363 http fetch GET 200 https://registry.npmjs.org/gopd 355ms (cache miss)
364 silly packumentCache full:https://registry.npmjs.org/gopd set size:undefined disposed:false
365 silly fetch manifest es-object-atoms@^1.1.1
366 silly packumentCache full:https://registry.npmjs.org/es-object-atoms cache-miss
367 http fetch GET 200 https://registry.npmjs.org/has-symbols 326ms (cache miss)
368 silly packumentCache full:https://registry.npmjs.org/has-symbols set size:undefined disposed:false
369 silly fetch manifest math-intrinsics@^1.1.0
370 silly packumentCache full:https://registry.npmjs.org/math-intrinsics cache-miss
371 http fetch GET 200 https://registry.npmjs.org/call-bind-apply-helpers 375ms (cache miss)
372 silly packumentCache full:https://registry.npmjs.org/call-bind-apply-helpers set size:undefined disposed:false
373 silly fetch manifest es-define-property@^1.0.1
374 silly packumentCache full:https://registry.npmjs.org/es-define-property cache-miss
375 http fetch GET 200 https://registry.npmjs.org/hasown 377ms (cache miss)
376 silly packumentCache full:https://registry.npmjs.org/hasown set size:undefined disposed:false
377 http fetch GET 200 https://registry.npmjs.org/es-object-atoms 321ms (cache miss)
378 silly packumentCache full:https://registry.npmjs.org/es-object-atoms set size:undefined disposed:false
379 http fetch GET 200 https://registry.npmjs.org/function-bind 331ms (cache miss)
380 silly packumentCache full:https://registry.npmjs.org/function-bind set size:undefined disposed:false
381 http fetch GET 200 https://registry.npmjs.org/math-intrinsics 328ms (cache miss)
382 silly packumentCache full:https://registry.npmjs.org/math-intrinsics set size:undefined disposed:false
383 http fetch GET 200 https://registry.npmjs.org/es-define-property 319ms (cache miss)
384 silly packumentCache full:https://registry.npmjs.org/es-define-property set size:undefined disposed:false
385 silly placeDep ROOT call-bind-apply-helpers@1.0.2 OK for: call-bound@1.0.4 want: ^1.0.2
386 silly placeDep ROOT function-bind@1.1.2 OK for: call-bind-apply-helpers@1.0.2 want: ^1.1.2
387 silly placeDep ROOT es-define-property@1.0.1 OK for: get-intrinsic@1.3.0 want: ^1.0.1
388 silly placeDep ROOT es-object-atoms@1.1.2 OK for: get-intrinsic@1.3.0 want: ^1.1.1
389 silly placeDep ROOT get-proto@1.0.1 OK for: get-intrinsic@1.3.0 want: ^1.0.1
390 silly placeDep ROOT gopd@1.2.0 OK for: get-intrinsic@1.3.0 want: ^1.2.0
391 silly placeDep ROOT has-symbols@1.1.0 OK for: get-intrinsic@1.3.0 want: ^1.1.0
392 silly placeDep ROOT hasown@2.0.4 OK for: get-intrinsic@1.3.0 want: ^2.0.2
393 silly placeDep ROOT math-intrinsics@1.1.0 OK for: get-intrinsic@1.3.0 want: ^1.1.0
394 silly fetch manifest dunder-proto@^1.0.1
395 silly packumentCache full:https://registry.npmjs.org/dunder-proto cache-miss
396 http fetch GET 200 https://registry.npmjs.org/dunder-proto 278ms (cache miss)
397 silly packumentCache full:https://registry.npmjs.org/dunder-proto set size:undefined disposed:false
398 silly placeDep ROOT dunder-proto@1.0.1 OK for: get-proto@1.0.1 want: ^1.0.1
399 silly placeDep node_modules/socket.io accepts@1.3.8 OK for: socket.io@4.8.3 want: ~1.3.4
400 silly placeDep ROOT base64id@2.0.0 OK for: socket.io@4.8.3 want: ~2.0.0
401 silly placeDep ROOT cors@2.8.6 OK for: socket.io@4.8.3 want: ~2.8.5
402 silly placeDep ROOT engine.io@6.6.8 OK for: socket.io@4.8.3 want: ~6.6.0
403 silly placeDep ROOT socket.io-adapter@2.5.7 OK for: socket.io@4.8.3 want: ~2.5.2
404 silly placeDep ROOT socket.io-parser@4.2.6 OK for: socket.io@4.8.3 want: ~4.2.4
405 silly fetch manifest mime-types@~2.1.34
406 silly packumentCache full:https://registry.npmjs.org/mime-types cache-miss
407 silly fetch manifest negotiator@0.6.3
408 silly packumentCache full:https://registry.npmjs.org/negotiator cache-miss
409 silly fetch manifest object-assign@^4
410 silly packumentCache full:https://registry.npmjs.org/object-assign cache-miss
411 silly fetch manifest @types/cors@^2.8.12
412 silly packumentCache full:https://registry.npmjs.org/@types%2fcors cache-miss
413 silly fetch manifest @types/node@>=10.0.0
414 silly packumentCache full:https://registry.npmjs.org/@types%2fnode cache-miss
415 http cache https://registry.npmjs.org/negotiator 23ms (cache hit)
416 silly packumentCache full:https://registry.npmjs.org/negotiator set size:48046 disposed:false
417 silly fetch manifest @types/ws@^8.5.12
418 silly packumentCache full:https://registry.npmjs.org/@types%2fws cache-miss
419 http cache https://registry.npmjs.org/mime-types 30ms (cache hit)
420 silly packumentCache full:https://registry.npmjs.org/mime-types set size:139110 disposed:false
421 silly fetch manifest engine.io-parser@~5.2.1
422 silly packumentCache full:https://registry.npmjs.org/engine.io-parser cache-miss
423 http fetch GET 200 https://registry.npmjs.org/object-assign 255ms (cache miss)
424 silly packumentCache full:https://registry.npmjs.org/object-assign set size:undefined disposed:false
425 silly fetch manifest ws@~8.20.1
426 silly packumentCache full:https://registry.npmjs.org/ws cache-miss
427 http fetch GET 200 https://registry.npmjs.org/engine.io-parser 261ms (cache miss)
428 silly packumentCache full:https://registry.npmjs.org/engine.io-parser set size:undefined disposed:false
429 silly fetch manifest ws@~8.20.1
430 silly packumentCache full:https://registry.npmjs.org/ws cache-miss
431 http fetch GET 200 https://registry.npmjs.org/@types%2fcors 487ms (cache miss)
432 silly packumentCache full:https://registry.npmjs.org/@types%2fcors set size:undefined disposed:false
433 silly fetch manifest @socket.io/component-emitter@~3.1.0
434 silly packumentCache full:https://registry.npmjs.org/@socket.io%2fcomponent-emitter cache-miss
435 http fetch GET 200 https://registry.npmjs.org/@types%2fws 567ms (cache miss)
436 silly packumentCache full:https://registry.npmjs.org/@types%2fws set size:undefined disposed:false
437 http fetch GET 200 https://registry.npmjs.org/ws 351ms (cache miss)
438 silly packumentCache full:https://registry.npmjs.org/ws set size:undefined disposed:false
439 http fetch GET 200 https://registry.npmjs.org/ws 331ms (cache miss)
440 silly packumentCache full:https://registry.npmjs.org/ws set size:undefined disposed:false
441 http fetch GET 200 https://registry.npmjs.org/@types%2fnode 951ms (cache miss)
442 silly packumentCache full:https://registry.npmjs.org/@types%2fnode set size:undefined disposed:false
443 http fetch GET 200 https://registry.npmjs.org/@socket.io%2fcomponent-emitter 734ms (cache miss)
444 silly packumentCache full:https://registry.npmjs.org/@socket.io%2fcomponent-emitter set size:undefined disposed:false
445 silly placeDep ROOT object-assign@4.1.1 OK for: cors@2.8.6 want: ^4
446 silly fetch manifest bufferutil@^4.0.1
447 silly packumentCache full:https://registry.npmjs.org/bufferutil cache-miss
448 http fetch GET 200 https://registry.npmjs.org/bufferutil 259ms (cache miss)
449 silly packumentCache full:https://registry.npmjs.org/bufferutil set size:undefined disposed:false
450 silly fetch manifest utf-8-validate@>=5.0.2
451 silly packumentCache full:https://registry.npmjs.org/utf-8-validate cache-miss
452 http fetch GET 200 https://registry.npmjs.org/utf-8-validate 247ms (cache miss)
453 silly packumentCache full:https://registry.npmjs.org/utf-8-validate set size:undefined disposed:false
454 silly placeDep ROOT @types/cors@2.8.19 OK for: engine.io@6.6.8 want: ^2.8.12
455 silly placeDep ROOT @types/node@25.9.2 OK for: engine.io@6.6.8 want: >=10.0.0
456 silly placeDep ROOT @types/ws@8.18.1 OK for: engine.io@6.6.8 want: ^8.5.12
457 silly placeDep node_modules/engine.io accepts@1.3.8 OK for: engine.io@6.6.8 want: ~1.3.4
458 silly placeDep ROOT engine.io-parser@5.2.3 OK for: engine.io@6.6.8 want: ~5.2.1
459 silly placeDep ROOT ws@8.20.1 OK for: engine.io@6.6.8 want: ~8.20.1
460 silly fetch manifest @types/node@*
461 silly packumentCache full:https://registry.npmjs.org/@types%2fnode cache-miss
462 silly fetch manifest undici-types@>=7.24.0 <7.24.7
463 silly packumentCache full:https://registry.npmjs.org/undici-types cache-miss
464 http cache https://registry.npmjs.org/@types%2fnode 68ms (cache hit)
465 silly packumentCache full:https://registry.npmjs.org/@types%2fnode set size:11033538 disposed:false
466 http fetch GET 200 https://registry.npmjs.org/undici-types 374ms (cache miss)
467 silly packumentCache full:https://registry.npmjs.org/undici-types set size:undefined disposed:false
468 silly placeDep ROOT undici-types@7.24.6 OK for: @types/node@25.9.2 want: >=7.24.0 <7.24.7
469 silly placeDep ROOT @socket.io/component-emitter@3.1.2 OK for: socket.io-parser@4.2.6 want: ~3.1.0
470 silly placeDep node_modules/type-is content-type@2.0.0 OK for: type-is@2.1.0 want: ^2.0.0
471 silly placeDep ROOT media-typer@1.1.0 OK for: type-is@2.1.0 want: ^1.1.0
472 silly placeDep node_modules/engine.io mime-types@2.1.35 OK for: accepts@1.3.8 want: ~2.1.34
473 silly placeDep node_modules/engine.io negotiator@0.6.3 OK for: accepts@1.3.8 want: 0.6.3
474 silly fetch manifest mime-db@1.52.0
475 silly packumentCache full:https://registry.npmjs.org/mime-db cache-miss
476 http cache https://registry.npmjs.org/mime-db 8ms (cache hit)
477 silly packumentCache full:https://registry.npmjs.org/mime-db set size:164953 disposed:false
478 silly placeDep node_modules/engine.io mime-db@1.52.0 OK for: mime-types@2.1.35 want: 1.52.0
479 silly placeDep node_modules/socket.io mime-types@2.1.35 OK for: accepts@1.3.8 want: ~2.1.34
480 silly placeDep node_modules/socket.io negotiator@0.6.3 OK for: accepts@1.3.8 want: 0.6.3
481 silly placeDep node_modules/socket.io mime-db@1.52.0 OK for: mime-types@2.1.35 want: 1.52.0
482 silly reify moves {}
483 silly audit bulk request {
483 silly audit   express: [ '5.2.1' ],
483 silly audit   'socket.io': [ '4.8.3' ],
483 silly audit   accepts: [ '2.0.0', '1.3.8' ],
483 silly audit   'body-parser': [ '2.2.2' ],
483 silly audit   'content-disposition': [ '1.1.0' ],
483 silly audit   'content-type': [ '1.0.5', '2.0.0' ],
483 silly audit   cookie: [ '0.7.2' ],
483 silly audit   'cookie-signature': [ '1.2.2' ],
483 silly audit   debug: [ '4.4.3' ],
483 silly audit   depd: [ '2.0.0' ],
483 silly audit   encodeurl: [ '2.0.0' ],
483 silly audit   'escape-html': [ '1.0.3' ],
483 silly audit   etag: [ '1.8.1' ],
483 silly audit   finalhandler: [ '2.1.1' ],
483 silly audit   fresh: [ '2.0.0' ],
483 silly audit   'http-errors': [ '2.0.1' ],
483 silly audit   'merge-descriptors': [ '2.0.0' ],
483 silly audit   'mime-types': [ '3.0.2', '2.1.35' ],
483 silly audit   'on-finished': [ '2.4.1' ],
483 silly audit   once: [ '1.4.0' ],
483 silly audit   parseurl: [ '1.3.3' ],
483 silly audit   'proxy-addr': [ '2.0.7' ],
483 silly audit   qs: [ '6.15.2' ],
483 silly audit   'range-parser': [ '1.2.1' ],
483 silly audit   router: [ '2.2.0' ],
483 silly audit   send: [ '1.2.1' ],
483 silly audit   'serve-static': [ '2.2.1' ],
483 silly audit   statuses: [ '2.0.2' ],
483 silly audit   'type-is': [ '2.1.0' ],
483 silly audit   vary: [ '1.1.2' ],
483 silly audit   negotiator: [ '1.0.0', '0.6.3' ],
483 silly audit   bytes: [ '3.1.2' ],
483 silly audit   'iconv-lite': [ '0.7.2' ],
483 silly audit   'raw-body': [ '3.0.2' ],
483 silly audit   ms: [ '2.1.3' ],
483 silly audit   inherits: [ '2.0.4' ],
483 silly audit   setprototypeof: [ '1.2.0' ],
483 silly audit   toidentifier: [ '1.0.1' ],
483 silly audit   'safer-buffer': [ '2.1.2' ],
483 silly audit   'mime-db': [ '1.54.0', '1.52.0' ],
483 silly audit   'ee-first': [ '1.1.1' ],
483 silly audit   wrappy: [ '1.0.2' ],
483 silly audit   forwarded: [ '0.2.0' ],
483 silly audit   'ipaddr.js': [ '1.9.1' ],
483 silly audit   'side-channel': [ '1.1.0' ],
483 silly audit   unpipe: [ '1.0.0' ],
483 silly audit   'is-promise': [ '4.0.0' ],
483 silly audit   'path-to-regexp': [ '8.4.2' ],
483 silly audit   'es-errors': [ '1.3.0' ],
483 silly audit   'object-inspect': [ '1.13.4' ],
483 silly audit   'side-channel-list': [ '1.0.1' ],
483 silly audit   'side-channel-map': [ '1.0.1' ],
483 silly audit   'side-channel-weakmap': [ '1.0.2' ],
483 silly audit   'call-bound': [ '1.0.4' ],
483 silly audit   'get-intrinsic': [ '1.3.0' ],
483 silly audit   'call-bind-apply-helpers': [ '1.0.2' ],
483 silly audit   'function-bind': [ '1.1.2' ],
483 silly audit   'es-define-property': [ '1.0.1' ],
483 silly audit   'es-object-atoms': [ '1.1.2' ],
483 silly audit   'get-proto': [ '1.0.1' ],
483 silly audit   gopd: [ '1.2.0' ],
483 silly audit   'has-symbols': [ '1.1.0' ],
483 silly audit   hasown: [ '2.0.4' ],
483 silly audit   'math-intrinsics': [ '1.1.0' ],
483 silly audit   'dunder-proto': [ '1.0.1' ],
483 silly audit   base64id: [ '2.0.0' ],
483 silly audit   cors: [ '2.8.6' ],
483 silly audit   'engine.io': [ '6.6.8' ],
483 silly audit   'socket.io-adapter': [ '2.5.7' ],
483 silly audit   'socket.io-parser': [ '4.2.6' ],
483 silly audit   'object-assign': [ '4.1.1' ],
483 silly audit   '@types/cors': [ '2.8.19' ],
483 silly audit   '@types/node': [ '25.9.2' ],
483 silly audit   '@types/ws': [ '8.18.1' ],
483 silly audit   'engine.io-parser': [ '5.2.3' ],
483 silly audit   ws: [ '8.20.1' ],
483 silly audit   'undici-types': [ '7.24.6' ],
483 silly audit   '@socket.io/component-emitter': [ '3.1.2' ],
483 silly audit   'media-typer': [ '1.1.0' ]
483 silly audit }
484 http cache media-typer@https://registry.npmjs.org/media-typer/-/media-typer-1.1.0.tgz 1ms (cache hit)
485 http cache @socket.io/component-emitter@https://registry.npmjs.org/@socket.io/component-emitter/-/component-emitter-3.1.2.tgz 0ms (cache hit)
486 http cache ws@https://registry.npmjs.org/ws/-/ws-8.20.1.tgz 0ms (cache hit)
487 http cache engine.io-parser@https://registry.npmjs.org/engine.io-parser/-/engine.io-parser-5.2.3.tgz 0ms (cache hit)
488 http cache @types/node@https://registry.npmjs.org/@types/node/-/node-25.9.2.tgz 0ms (cache hit)
489 http cache object-assign@https://registry.npmjs.org/object-assign/-/object-assign-4.1.1.tgz 0ms (cache hit)
490 http cache socket.io-parser@https://registry.npmjs.org/socket.io-parser/-/socket.io-parser-4.2.6.tgz 0ms (cache hit)
491 http cache socket.io-adapter@https://registry.npmjs.org/socket.io-adapter/-/socket.io-adapter-2.5.7.tgz 0ms (cache hit)
492 http cache engine.io@https://registry.npmjs.org/engine.io/-/engine.io-6.6.8.tgz 0ms (cache hit)
493 http cache cors@https://registry.npmjs.org/cors/-/cors-2.8.6.tgz 0ms (cache hit)
494 http cache base64id@https://registry.npmjs.org/base64id/-/base64id-2.0.0.tgz 0ms (cache hit)
495 http cache @types/cors@https://registry.npmjs.org/@types/cors/-/cors-2.8.19.tgz 0ms (cache hit)
496 http cache dunder-proto@https://registry.npmjs.org/dunder-proto/-/dunder-proto-1.0.1.tgz 0ms (cache hit)
497 http cache undici-types@https://registry.npmjs.org/undici-types/-/undici-types-7.24.6.tgz 0ms (cache hit)
498 http cache hasown@https://registry.npmjs.org/hasown/-/hasown-2.0.4.tgz 0ms (cache hit)
499 http cache gopd@https://registry.npmjs.org/gopd/-/gopd-1.2.0.tgz 0ms (cache hit)
500 http cache get-proto@https://registry.npmjs.org/get-proto/-/get-proto-1.0.1.tgz 0ms (cache hit)
501 http cache es-object-atoms@https://registry.npmjs.org/es-object-atoms/-/es-object-atoms-1.1.2.tgz 0ms (cache hit)
502 http cache es-define-property@https://registry.npmjs.org/es-define-property/-/es-define-property-1.0.1.tgz 0ms (cache hit)
503 http cache math-intrinsics@https://registry.npmjs.org/math-intrinsics/-/math-intrinsics-1.1.0.tgz 0ms (cache hit)
504 http cache function-bind@https://registry.npmjs.org/function-bind/-/function-bind-1.1.2.tgz 0ms (cache hit)
505 http cache has-symbols@https://registry.npmjs.org/has-symbols/-/has-symbols-1.1.0.tgz 0ms (cache hit)
506 http cache get-intrinsic@https://registry.npmjs.org/get-intrinsic/-/get-intrinsic-1.3.0.tgz 0ms (cache hit)
507 http cache side-channel-weakmap@https://registry.npmjs.org/side-channel-weakmap/-/side-channel-weakmap-1.0.2.tgz 0ms (cache hit)
508 http cache side-channel-map@https://registry.npmjs.org/side-channel-map/-/side-channel-map-1.0.1.tgz 0ms (cache hit)
509 http cache @types/ws@https://registry.npmjs.org/@types/ws/-/ws-8.18.1.tgz 0ms (cache hit)
510 http cache side-channel-list@https://registry.npmjs.org/side-channel-list/-/side-channel-list-1.0.1.tgz 0ms (cache hit)
511 http cache object-inspect@https://registry.npmjs.org/object-inspect/-/object-inspect-1.13.4.tgz 0ms (cache hit)
512 http cache call-bind-apply-helpers@https://registry.npmjs.org/call-bind-apply-helpers/-/call-bind-apply-helpers-1.0.2.tgz 0ms (cache hit)
513 http cache path-to-regexp@https://registry.npmjs.org/path-to-regexp/-/path-to-regexp-8.4.2.tgz 0ms (cache hit)
514 http cache call-bound@https://registry.npmjs.org/call-bound/-/call-bound-1.0.4.tgz 0ms (cache hit)
515 http cache side-channel@https://registry.npmjs.org/side-channel/-/side-channel-1.1.0.tgz 0ms (cache hit)
516 http cache ipaddr.js@https://registry.npmjs.org/ipaddr.js/-/ipaddr.js-1.9.1.tgz 0ms (cache hit)
517 http cache forwarded@https://registry.npmjs.org/forwarded/-/forwarded-0.2.0.tgz 0ms (cache hit)
518 http cache es-errors@https://registry.npmjs.org/es-errors/-/es-errors-1.3.0.tgz 0ms (cache hit)
519 http cache wrappy@https://registry.npmjs.org/wrappy/-/wrappy-1.0.2.tgz 0ms (cache hit)
520 http cache unpipe@https://registry.npmjs.org/unpipe/-/unpipe-1.0.0.tgz 0ms (cache hit)
521 http cache mime-db@https://registry.npmjs.org/mime-db/-/mime-db-1.54.0.tgz 0ms (cache hit)
522 http cache is-promise@https://registry.npmjs.org/is-promise/-/is-promise-4.0.0.tgz 0ms (cache hit)
523 http cache toidentifier@https://registry.npmjs.org/toidentifier/-/toidentifier-1.0.1.tgz 0ms (cache hit)
524 http cache inherits@https://registry.npmjs.org/inherits/-/inherits-2.0.4.tgz 0ms (cache hit)
525 http cache ms@https://registry.npmjs.org/ms/-/ms-2.1.3.tgz 0ms (cache hit)
526 http cache raw-body@https://registry.npmjs.org/raw-body/-/raw-body-3.0.2.tgz 0ms (cache hit)
527 http cache ee-first@https://registry.npmjs.org/ee-first/-/ee-first-1.1.1.tgz 0ms (cache hit)
528 http cache iconv-lite@https://registry.npmjs.org/iconv-lite/-/iconv-lite-0.7.2.tgz 0ms (cache hit)
529 http cache safer-buffer@https://registry.npmjs.org/safer-buffer/-/safer-buffer-2.1.2.tgz 0ms (cache hit)
530 http cache setprototypeof@https://registry.npmjs.org/setprototypeof/-/setprototypeof-1.2.0.tgz 0ms (cache hit)
531 http cache negotiator@https://registry.npmjs.org/negotiator/-/negotiator-1.0.0.tgz 0ms (cache hit)
532 http cache statuses@https://registry.npmjs.org/statuses/-/statuses-2.0.2.tgz 0ms (cache hit)
533 http cache serve-static@https://registry.npmjs.org/serve-static/-/serve-static-2.2.1.tgz 0ms (cache hit)
534 http cache send@https://registry.npmjs.org/send/-/send-1.2.1.tgz 0ms (cache hit)
535 http cache bytes@https://registry.npmjs.org/bytes/-/bytes-3.1.2.tgz 0ms (cache hit)
536 http cache router@https://registry.npmjs.org/router/-/router-2.2.0.tgz 0ms (cache hit)
537 http cache vary@https://registry.npmjs.org/vary/-/vary-1.1.2.tgz 0ms (cache hit)
538 http cache type-is@https://registry.npmjs.org/type-is/-/type-is-2.1.0.tgz 0ms (cache hit)
539 http cache qs@https://registry.npmjs.org/qs/-/qs-6.15.2.tgz 0ms (cache hit)
540 http cache once@https://registry.npmjs.org/once/-/once-1.4.0.tgz 0ms (cache hit)
541 http cache on-finished@https://registry.npmjs.org/on-finished/-/on-finished-2.4.1.tgz 0ms (cache hit)
542 http cache mime-types@https://registry.npmjs.org/mime-types/-/mime-types-3.0.2.tgz 0ms (cache hit)
543 http cache merge-descriptors@https://registry.npmjs.org/merge-descriptors/-/merge-descriptors-2.0.0.tgz 0ms (cache hit)
544 http cache range-parser@https://registry.npmjs.org/range-parser/-/range-parser-1.2.1.tgz 0ms (cache hit)
545 http cache http-errors@https://registry.npmjs.org/http-errors/-/http-errors-2.0.1.tgz 0ms (cache hit)
546 http cache proxy-addr@https://registry.npmjs.org/proxy-addr/-/proxy-addr-2.0.7.tgz 0ms (cache hit)
547 http cache parseurl@https://registry.npmjs.org/parseurl/-/parseurl-1.3.3.tgz 0ms (cache hit)
548 http cache finalhandler@https://registry.npmjs.org/finalhandler/-/finalhandler-2.1.1.tgz 0ms (cache hit)
549 http cache encodeurl@https://registry.npmjs.org/encodeurl/-/encodeurl-2.0.0.tgz 0ms (cache hit)
550 http cache depd@https://registry.npmjs.org/depd/-/depd-2.0.0.tgz 0ms (cache hit)
551 http cache debug@https://registry.npmjs.org/debug/-/debug-4.4.3.tgz 0ms (cache hit)
552 http cache cookie-signature@https://registry.npmjs.org/cookie-signature/-/cookie-signature-1.2.2.tgz 0ms (cache hit)
553 http cache fresh@https://registry.npmjs.org/fresh/-/fresh-2.0.0.tgz 0ms (cache hit)
554 http cache etag@https://registry.npmjs.org/etag/-/etag-1.8.1.tgz 0ms (cache hit)
555 http cache cookie@https://registry.npmjs.org/cookie/-/cookie-0.7.2.tgz 0ms (cache hit)
556 http cache escape-html@https://registry.npmjs.org/escape-html/-/escape-html-1.0.3.tgz 0ms (cache hit)
557 http cache body-parser@https://registry.npmjs.org/body-parser/-/body-parser-2.2.2.tgz 0ms (cache hit)
558 http cache socket.io@https://registry.npmjs.org/socket.io/-/socket.io-4.8.3.tgz 0ms (cache hit)
559 http cache express@https://registry.npmjs.org/express/-/express-5.2.1.tgz 0ms (cache hit)
560 http cache mime-db@https://registry.npmjs.org/mime-db/-/mime-db-1.52.0.tgz 0ms (cache hit)
561 http cache content-type@https://registry.npmjs.org/content-type/-/content-type-1.0.5.tgz 0ms (cache hit)
562 http cache negotiator@https://registry.npmjs.org/negotiator/-/negotiator-0.6.3.tgz 0ms (cache hit)
563 http cache content-disposition@https://registry.npmjs.org/content-disposition/-/content-disposition-1.1.0.tgz 0ms (cache hit)
564 http cache accepts@https://registry.npmjs.org/accepts/-/accepts-2.0.0.tgz 0ms (cache hit)
565 http cache content-type@https://registry.npmjs.org/content-type/-/content-type-2.0.0.tgz 0ms (cache hit)
566 http cache negotiator@https://registry.npmjs.org/negotiator/-/negotiator-0.6.3.tgz 0ms (cache hit)
567 http cache mime-types@https://registry.npmjs.org/mime-types/-/mime-types-2.1.35.tgz 1ms (cache hit)
568 http cache mime-types@https://registry.npmjs.org/mime-types/-/mime-types-2.1.35.tgz 0ms (cache hit)
569 http cache accepts@https://registry.npmjs.org/accepts/-/accepts-1.3.8.tgz 0ms (cache hit)
570 http cache mime-db@https://registry.npmjs.org/mime-db/-/mime-db-1.52.0.tgz 0ms (cache hit)
571 silly tarball no local data for media-typer@https://registry.npmjs.org/media-typer/-/media-typer-1.1.0.tgz. Extracting by manifest.
572 silly tarball no local data for @socket.io/component-emitter@https://registry.npmjs.org/@socket.io/component-emitter/-/component-emitter-3.1.2.tgz. Extracting by manifest.
573 http cache accepts@https://registry.npmjs.org/accepts/-/accepts-1.3.8.tgz 0ms (cache hit)
574 silly tarball no local data for ws@https://registry.npmjs.org/ws/-/ws-8.20.1.tgz. Extracting by manifest.
575 silly tarball no local data for engine.io-parser@https://registry.npmjs.org/engine.io-parser/-/engine.io-parser-5.2.3.tgz. Extracting by manifest.
576 silly tarball no local data for @types/node@https://registry.npmjs.org/@types/node/-/node-25.9.2.tgz. Extracting by manifest.
577 silly tarball no local data for object-assign@https://registry.npmjs.org/object-assign/-/object-assign-4.1.1.tgz. Extracting by manifest.
578 silly tarball no local data for socket.io-parser@https://registry.npmjs.org/socket.io-parser/-/socket.io-parser-4.2.6.tgz. Extracting by manifest.
579 silly tarball no local data for socket.io-adapter@https://registry.npmjs.org/socket.io-adapter/-/socket.io-adapter-2.5.7.tgz. Extracting by manifest.
580 silly tarball no local data for engine.io@https://registry.npmjs.org/engine.io/-/engine.io-6.6.8.tgz. Extracting by manifest.
581 silly tarball no local data for cors@https://registry.npmjs.org/cors/-/cors-2.8.6.tgz. Extracting by manifest.
582 silly tarball no local data for base64id@https://registry.npmjs.org/base64id/-/base64id-2.0.0.tgz. Extracting by manifest.
583 silly tarball no local data for @types/cors@https://registry.npmjs.org/@types/cors/-/cors-2.8.19.tgz. Extracting by manifest.
584 silly tarball no local data for dunder-proto@https://registry.npmjs.org/dunder-proto/-/dunder-proto-1.0.1.tgz. Extracting by manifest.
585 silly tarball no local data for undici-types@https://registry.npmjs.org/undici-types/-/undici-types-7.24.6.tgz. Extracting by manifest.
586 silly tarball no local data for hasown@https://registry.npmjs.org/hasown/-/hasown-2.0.4.tgz. Extracting by manifest.
587 silly tarball no local data for gopd@https://registry.npmjs.org/gopd/-/gopd-1.2.0.tgz. Extracting by manifest.
588 silly tarball no local data for get-proto@https://registry.npmjs.org/get-proto/-/get-proto-1.0.1.tgz. Extracting by manifest.
589 silly tarball no local data for es-object-atoms@https://registry.npmjs.org/es-object-atoms/-/es-object-atoms-1.1.2.tgz. Extracting by manifest.
590 silly tarball no local data for es-define-property@https://registry.npmjs.org/es-define-property/-/es-define-property-1.0.1.tgz. Extracting by manifest.
591 silly tarball no local data for math-intrinsics@https://registry.npmjs.org/math-intrinsics/-/math-intrinsics-1.1.0.tgz. Extracting by manifest.
592 silly tarball no local data for function-bind@https://registry.npmjs.org/function-bind/-/function-bind-1.1.2.tgz. Extracting by manifest.
593 silly tarball no local data for has-symbols@https://registry.npmjs.org/has-symbols/-/has-symbols-1.1.0.tgz. Extracting by manifest.
594 silly tarball no local data for get-intrinsic@https://registry.npmjs.org/get-intrinsic/-/get-intrinsic-1.3.0.tgz. Extracting by manifest.
595 silly tarball no local data for side-channel-weakmap@https://registry.npmjs.org/side-channel-weakmap/-/side-channel-weakmap-1.0.2.tgz. Extracting by manifest.
596 silly tarball no local data for side-channel-map@https://registry.npmjs.org/side-channel-map/-/side-channel-map-1.0.1.tgz. Extracting by manifest.
597 silly tarball no local data for @types/ws@https://registry.npmjs.org/@types/ws/-/ws-8.18.1.tgz. Extracting by manifest.
598 silly tarball no local data for side-channel-list@https://registry.npmjs.org/side-channel-list/-/side-channel-list-1.0.1.tgz. Extracting by manifest.
599 silly tarball no local data for object-inspect@https://registry.npmjs.org/object-inspect/-/object-inspect-1.13.4.tgz. Extracting by manifest.
600 silly tarball no local data for call-bind-apply-helpers@https://registry.npmjs.org/call-bind-apply-helpers/-/call-bind-apply-helpers-1.0.2.tgz. Extracting by manifest.
601 silly tarball no local data for path-to-regexp@https://registry.npmjs.org/path-to-regexp/-/path-to-regexp-8.4.2.tgz. Extracting by manifest.
602 silly tarball no local data for call-bound@https://registry.npmjs.org/call-bound/-/call-bound-1.0.4.tgz. Extracting by manifest.
603 silly tarball no local data for side-channel@https://registry.npmjs.org/side-channel/-/side-channel-1.1.0.tgz. Extracting by manifest.
604 silly tarball no local data for ipaddr.js@https://registry.npmjs.org/ipaddr.js/-/ipaddr.js-1.9.1.tgz. Extracting by manifest.
605 silly tarball no local data for forwarded@https://registry.npmjs.org/forwarded/-/forwarded-0.2.0.tgz. Extracting by manifest.
606 silly tarball no local data for es-errors@https://registry.npmjs.org/es-errors/-/es-errors-1.3.0.tgz. Extracting by manifest.
607 silly tarball no local data for wrappy@https://registry.npmjs.org/wrappy/-/wrappy-1.0.2.tgz. Extracting by manifest.
608 silly tarball no local data for unpipe@https://registry.npmjs.org/unpipe/-/unpipe-1.0.0.tgz. Extracting by manifest.
609 silly tarball no local data for mime-db@https://registry.npmjs.org/mime-db/-/mime-db-1.54.0.tgz. Extracting by manifest.
610 silly tarball no local data for is-promise@https://registry.npmjs.org/is-promise/-/is-promise-4.0.0.tgz. Extracting by manifest.
611 silly tarball no local data for toidentifier@https://registry.npmjs.org/toidentifier/-/toidentifier-1.0.1.tgz. Extracting by manifest.
612 silly tarball no local data for inherits@https://registry.npmjs.org/inherits/-/inherits-2.0.4.tgz. Extracting by manifest.
613 silly tarball no local data for ms@https://registry.npmjs.org/ms/-/ms-2.1.3.tgz. Extracting by manifest.
614 silly tarball no local data for raw-body@https://registry.npmjs.org/raw-body/-/raw-body-3.0.2.tgz. Extracting by manifest.
615 silly tarball no local data for ee-first@https://registry.npmjs.org/ee-first/-/ee-first-1.1.1.tgz. Extracting by manifest.
616 silly tarball no local data for iconv-lite@https://registry.npmjs.org/iconv-lite/-/iconv-lite-0.7.2.tgz. Extracting by manifest.
617 silly tarball no local data for safer-buffer@https://registry.npmjs.org/safer-buffer/-/safer-buffer-2.1.2.tgz. Extracting by manifest.
618 silly tarball no local data for setprototypeof@https://registry.npmjs.org/setprototypeof/-/setprototypeof-1.2.0.tgz. Extracting by manifest.
619 silly tarball no local data for negotiator@https://registry.npmjs.org/negotiator/-/negotiator-1.0.0.tgz. Extracting by manifest.
620 silly tarball no local data for statuses@https://registry.npmjs.org/statuses/-/statuses-2.0.2.tgz. Extracting by manifest.
621 silly tarball no local data for serve-static@https://registry.npmjs.org/serve-static/-/serve-static-2.2.1.tgz. Extracting by manifest.
622 silly tarball no local data for send@https://registry.npmjs.org/send/-/send-1.2.1.tgz. Extracting by manifest.
623 silly tarball no local data for bytes@https://registry.npmjs.org/bytes/-/bytes-3.1.2.tgz. Extracting by manifest.
624 silly tarball no local data for router@https://registry.npmjs.org/router/-/router-2.2.0.tgz. Extracting by manifest.
625 silly tarball no local data for vary@https://registry.npmjs.org/vary/-/vary-1.1.2.tgz. Extracting by manifest.
626 silly tarball no local data for type-is@https://registry.npmjs.org/type-is/-/type-is-2.1.0.tgz. Extracting by manifest.
627 silly tarball no local data for qs@https://registry.npmjs.org/qs/-/qs-6.15.2.tgz. Extracting by manifest.
628 silly tarball no local data for once@https://registry.npmjs.org/once/-/once-1.4.0.tgz. Extracting by manifest.
629 silly tarball no local data for on-finished@https://registry.npmjs.org/on-finished/-/on-finished-2.4.1.tgz. Extracting by manifest.
630 silly tarball no local data for mime-types@https://registry.npmjs.org/mime-types/-/mime-types-3.0.2.tgz. Extracting by manifest.
631 silly tarball no local data for merge-descriptors@https://registry.npmjs.org/merge-descriptors/-/merge-descriptors-2.0.0.tgz. Extracting by manifest.
632 silly tarball no local data for range-parser@https://registry.npmjs.org/range-parser/-/range-parser-1.2.1.tgz. Extracting by manifest.
633 silly tarball no local data for http-errors@https://registry.npmjs.org/http-errors/-/http-errors-2.0.1.tgz. Extracting by manifest.
634 silly tarball no local data for proxy-addr@https://registry.npmjs.org/proxy-addr/-/proxy-addr-2.0.7.tgz. Extracting by manifest.
635 silly tarball no local data for parseurl@https://registry.npmjs.org/parseurl/-/parseurl-1.3.3.tgz. Extracting by manifest.
636 silly tarball no local data for finalhandler@https://registry.npmjs.org/finalhandler/-/finalhandler-2.1.1.tgz. Extracting by manifest.
637 silly tarball no local data for encodeurl@https://registry.npmjs.org/encodeurl/-/encodeurl-2.0.0.tgz. Extracting by manifest.
638 silly tarball no local data for depd@https://registry.npmjs.org/depd/-/depd-2.0.0.tgz. Extracting by manifest.
639 silly tarball no local data for debug@https://registry.npmjs.org/debug/-/debug-4.4.3.tgz. Extracting by manifest.
640 silly tarball no local data for cookie-signature@https://registry.npmjs.org/cookie-signature/-/cookie-signature-1.2.2.tgz. Extracting by manifest.
641 silly tarball no local data for fresh@https://registry.npmjs.org/fresh/-/fresh-2.0.0.tgz. Extracting by manifest.
642 silly tarball no local data for etag@https://registry.npmjs.org/etag/-/etag-1.8.1.tgz. Extracting by manifest.
643 silly tarball no local data for cookie@https://registry.npmjs.org/cookie/-/cookie-0.7.2.tgz. Extracting by manifest.
644 silly tarball no local data for escape-html@https://registry.npmjs.org/escape-html/-/escape-html-1.0.3.tgz. Extracting by manifest.
645 silly tarball no local data for body-parser@https://registry.npmjs.org/body-parser/-/body-parser-2.2.2.tgz. Extracting by manifest.
646 silly tarball no local data for socket.io@https://registry.npmjs.org/socket.io/-/socket.io-4.8.3.tgz. Extracting by manifest.
647 silly tarball no local data for express@https://registry.npmjs.org/express/-/express-5.2.1.tgz. Extracting by manifest.
648 silly tarball no local data for mime-db@https://registry.npmjs.org/mime-db/-/mime-db-1.52.0.tgz. Extracting by manifest.
649 silly tarball no local data for content-type@https://registry.npmjs.org/content-type/-/content-type-1.0.5.tgz. Extracting by manifest.
650 silly tarball no local data for negotiator@https://registry.npmjs.org/negotiator/-/negotiator-0.6.3.tgz. Extracting by manifest.
651 silly tarball no local data for content-disposition@https://registry.npmjs.org/content-disposition/-/content-disposition-1.1.0.tgz. Extracting by manifest.
652 silly tarball no local data for accepts@https://registry.npmjs.org/accepts/-/accepts-2.0.0.tgz. Extracting by manifest.
653 silly tarball no local data for content-type@https://registry.npmjs.org/content-type/-/content-type-2.0.0.tgz. Extracting by manifest.
654 silly tarball no local data for negotiator@https://registry.npmjs.org/negotiator/-/negotiator-0.6.3.tgz. Extracting by manifest.
655 silly tarball no local data for mime-types@https://registry.npmjs.org/mime-types/-/mime-types-2.1.35.tgz. Extracting by manifest.
656 silly tarball no local data for mime-types@https://registry.npmjs.org/mime-types/-/mime-types-2.1.35.tgz. Extracting by manifest.
657 silly tarball no local data for accepts@https://registry.npmjs.org/accepts/-/accepts-1.3.8.tgz. Extracting by manifest.
658 silly tarball no local data for mime-db@https://registry.npmjs.org/mime-db/-/mime-db-1.52.0.tgz. Extracting by manifest.
659 silly tarball no local data for accepts@https://registry.npmjs.org/accepts/-/accepts-1.3.8.tgz. Extracting by manifest.
660 http fetch POST 200 https://registry.npmjs.org/-/npm/v1/security/advisories/bulk 766ms
661 silly audit report {}
662 http fetch GET 200 https://registry.npmjs.org/engine.io-parser/-/engine.io-parser-5.2.3.tgz 1947ms (cache miss)
663 http fetch GET 200 https://registry.npmjs.org/media-typer/-/media-typer-1.1.0.tgz 2008ms (cache miss)
664 http fetch GET 200 https://registry.npmjs.org/get-proto/-/get-proto-1.0.1.tgz 1981ms (cache miss)
665 http fetch GET 200 https://registry.npmjs.org/gopd/-/gopd-1.2.0.tgz 1999ms (cache miss)
666 http fetch GET 200 https://registry.npmjs.org/es-object-atoms/-/es-object-atoms-1.1.2.tgz 1998ms (cache miss)
667 http fetch GET 200 https://registry.npmjs.org/math-intrinsics/-/math-intrinsics-1.1.0.tgz 1999ms (cache miss)
668 http fetch GET 200 https://registry.npmjs.org/hasown/-/hasown-2.0.4.tgz 2027ms (cache miss)
669 http fetch GET 200 https://registry.npmjs.org/function-bind/-/function-bind-1.1.2.tgz 2041ms (cache miss)
670 http fetch GET 200 https://registry.npmjs.org/es-define-property/-/es-define-property-1.0.1.tgz 2044ms (cache miss)
671 http fetch GET 200 https://registry.npmjs.org/side-channel-list/-/side-channel-list-1.0.1.tgz 2037ms (cache miss)
672 http fetch GET 200 https://registry.npmjs.org/side-channel-map/-/side-channel-map-1.0.1.tgz 2056ms (cache miss)
673 http fetch GET 200 https://registry.npmjs.org/ms/-/ms-2.1.3.tgz 2035ms (cache miss)
674 http fetch GET 200 https://registry.npmjs.org/object-assign/-/object-assign-4.1.1.tgz 2099ms (cache miss)
675 http fetch GET 200 https://registry.npmjs.org/forwarded/-/forwarded-0.2.0.tgz 2062ms (cache miss)
676 http fetch GET 200 https://registry.npmjs.org/is-promise/-/is-promise-4.0.0.tgz 2059ms (cache miss)
677 http fetch GET 200 https://registry.npmjs.org/wrappy/-/wrappy-1.0.2.tgz 2064ms (cache miss)
678 http fetch GET 200 https://registry.npmjs.org/once/-/once-1.4.0.tgz 2035ms (cache miss)
679 http fetch GET 200 https://registry.npmjs.org/side-channel-weakmap/-/side-channel-weakmap-1.0.2.tgz 2093ms (cache miss)
680 http fetch GET 200 https://registry.npmjs.org/base64id/-/base64id-2.0.0.tgz 2115ms (cache miss)
681 http fetch GET 200 https://registry.npmjs.org/toidentifier/-/toidentifier-1.0.1.tgz 2074ms (cache miss)
682 http fetch GET 200 https://registry.npmjs.org/setprototypeof/-/setprototypeof-1.2.0.tgz 2066ms (cache miss)
683 http fetch GET 200 https://registry.npmjs.org/unpipe/-/unpipe-1.0.0.tgz 2083ms (cache miss)
684 http fetch GET 200 https://registry.npmjs.org/safer-buffer/-/safer-buffer-2.1.2.tgz 2070ms (cache miss)
685 http fetch GET 200 https://registry.npmjs.org/merge-descriptors/-/merge-descriptors-2.0.0.tgz 2050ms (cache miss)
686 http fetch GET 200 https://registry.npmjs.org/range-parser/-/range-parser-1.2.1.tgz 2052ms (cache miss)
687 http fetch GET 200 https://registry.npmjs.org/inherits/-/inherits-2.0.4.tgz 2100ms (cache miss)
688 http fetch GET 200 https://registry.npmjs.org/serve-static/-/serve-static-2.2.1.tgz 2090ms (cache miss)
689 http fetch GET 200 https://registry.npmjs.org/ee-first/-/ee-first-1.1.1.tgz 2100ms (cache miss)
690 http fetch GET 200 https://registry.npmjs.org/on-finished/-/on-finished-2.4.1.tgz 2081ms (cache miss)
691 http fetch GET 200 https://registry.npmjs.org/encodeurl/-/encodeurl-2.0.0.tgz 2071ms (cache miss)
692 http fetch GET 200 https://registry.npmjs.org/cookie-signature/-/cookie-signature-1.2.2.tgz 2067ms (cache miss)
693 http fetch GET 200 https://registry.npmjs.org/escape-html/-/escape-html-1.0.3.tgz 2061ms (cache miss)
694 http fetch GET 200 https://registry.npmjs.org/debug/-/debug-4.4.3.tgz 2071ms (cache miss)
695 http fetch GET 200 https://registry.npmjs.org/mime-db/-/mime-db-1.54.0.tgz 2123ms (cache miss)
696 http fetch GET 200 https://registry.npmjs.org/@types/ws/-/ws-8.18.1.tgz 2144ms (cache miss)
697 http fetch GET 200 https://registry.npmjs.org/vary/-/vary-1.1.2.tgz 2102ms (cache miss)
698 http fetch GET 200 https://registry.npmjs.org/router/-/router-2.2.0.tgz 2105ms (cache miss)
699 http fetch GET 200 https://registry.npmjs.org/@types/cors/-/cors-2.8.19.tgz 2166ms (cache miss)
700 http fetch GET 200 https://registry.npmjs.org/negotiator/-/negotiator-0.6.3.tgz 2059ms (cache miss)
701 http fetch GET 200 https://registry.npmjs.org/content-type/-/content-type-2.0.0.tgz 2062ms (cache miss)
702 http fetch GET 200 https://registry.npmjs.org/bytes/-/bytes-3.1.2.tgz 2117ms (cache miss)
703 http fetch GET 200 https://registry.npmjs.org/etag/-/etag-1.8.1.tgz 2089ms (cache miss)
704 http fetch GET 200 https://registry.npmjs.org/content-disposition/-/content-disposition-1.1.0.tgz 2076ms (cache miss)
705 http fetch GET 200 https://registry.npmjs.org/raw-body/-/raw-body-3.0.2.tgz 2140ms (cache miss)
706 http fetch GET 200 https://registry.npmjs.org/statuses/-/statuses-2.0.2.tgz 2134ms (cache miss)
707 http fetch GET 200 https://registry.npmjs.org/parseurl/-/parseurl-1.3.3.tgz 2113ms (cache miss)
708 http fetch GET 200 https://registry.npmjs.org/fresh/-/fresh-2.0.0.tgz 2103ms (cache miss)
709 http fetch GET 200 https://registry.npmjs.org/accepts/-/accepts-2.0.0.tgz 2086ms (cache miss)
710 http fetch GET 200 https://registry.npmjs.org/content-type/-/content-type-1.0.5.tgz 2099ms (cache miss)
711 http fetch GET 200 https://registry.npmjs.org/mime-types/-/mime-types-2.1.35.tgz 2089ms (cache miss)
712 http fetch GET 200 https://registry.npmjs.org/finalhandler/-/finalhandler-2.1.1.tgz 2128ms (cache miss)
713 http fetch GET 200 https://registry.npmjs.org/http-errors/-/http-errors-2.0.1.tgz 2134ms (cache miss)
714 http fetch GET 200 https://registry.npmjs.org/cors/-/cors-2.8.6.tgz 2214ms (cache miss)
715 http fetch GET 200 https://registry.npmjs.org/type-is/-/type-is-2.1.0.tgz 2151ms (cache miss)
716 http fetch GET 200 https://registry.npmjs.org/proxy-addr/-/proxy-addr-2.0.7.tgz 2139ms (cache miss)
717 http fetch GET 200 https://registry.npmjs.org/mime-types/-/mime-types-2.1.35.tgz 2108ms (cache miss)
718 http fetch GET 200 https://registry.npmjs.org/mime-db/-/mime-db-1.52.0.tgz 2104ms (cache miss)
719 http fetch GET 200 https://registry.npmjs.org/side-channel/-/side-channel-1.1.0.tgz 2194ms (cache miss)
720 http fetch GET 200 https://registry.npmjs.org/call-bind-apply-helpers/-/call-bind-apply-helpers-1.0.2.tgz 2199ms (cache miss)
721 http fetch GET 200 https://registry.npmjs.org/mime-types/-/mime-types-3.0.2.tgz 2156ms (cache miss)
722 http fetch GET 200 https://registry.npmjs.org/send/-/send-1.2.1.tgz 2169ms (cache miss)
723 http fetch GET 200 https://registry.npmjs.org/@socket.io/component-emitter/-/component-emitter-3.1.2.tgz 2246ms (cache miss)
724 http fetch GET 200 https://registry.npmjs.org/call-bound/-/call-bound-1.0.4.tgz 2204ms (cache miss)
725 http fetch GET 200 https://registry.npmjs.org/ipaddr.js/-/ipaddr.js-1.9.1.tgz 2202ms (cache miss)
726 http fetch GET 200 https://registry.npmjs.org/cookie/-/cookie-0.7.2.tgz 2144ms (cache miss)
727 http fetch GET 200 https://registry.npmjs.org/accepts/-/accepts-1.3.8.tgz 2122ms (cache miss)
728 http fetch GET 200 https://registry.npmjs.org/depd/-/depd-2.0.0.tgz 2157ms (cache miss)
729 http fetch GET 200 https://registry.npmjs.org/dunder-proto/-/dunder-proto-1.0.1.tgz 2242ms (cache miss)
730 http fetch GET 200 https://registry.npmjs.org/has-symbols/-/has-symbols-1.1.0.tgz 2230ms (cache miss)
731 http fetch GET 200 https://registry.npmjs.org/es-errors/-/es-errors-1.3.0.tgz 2212ms (cache miss)
732 http fetch GET 200 https://registry.npmjs.org/accepts/-/accepts-1.3.8.tgz 2127ms (cache miss)
733 http fetch GET 200 https://registry.npmjs.org/express/-/express-5.2.1.tgz 2160ms (cache miss)
734 http fetch GET 200 https://registry.npmjs.org/path-to-regexp/-/path-to-regexp-8.4.2.tgz 2234ms (cache miss)
735 http fetch GET 200 https://registry.npmjs.org/get-intrinsic/-/get-intrinsic-1.3.0.tgz 2248ms (cache miss)
736 http fetch GET 200 https://registry.npmjs.org/socket.io-adapter/-/socket.io-adapter-2.5.7.tgz 2278ms (cache miss)
737 http fetch GET 200 https://registry.npmjs.org/negotiator/-/negotiator-1.0.0.tgz 2220ms (cache miss)
738 http fetch GET 200 https://registry.npmjs.org/mime-db/-/mime-db-1.52.0.tgz 2177ms (cache miss)
739 http fetch GET 200 https://registry.npmjs.org/negotiator/-/negotiator-0.6.3.tgz 2174ms (cache miss)
740 http fetch GET 200 https://registry.npmjs.org/ws/-/ws-8.20.1.tgz 2320ms (cache miss)
741 http fetch GET 200 https://registry.npmjs.org/body-parser/-/body-parser-2.2.2.tgz 2229ms (cache miss)
742 http fetch GET 200 https://registry.npmjs.org/undici-types/-/undici-types-7.24.6.tgz 2362ms (cache miss)
743 http fetch GET 200 https://registry.npmjs.org/qs/-/qs-6.15.2.tgz 2300ms (cache miss)
744 http fetch GET 200 https://registry.npmjs.org/object-inspect/-/object-inspect-1.13.4.tgz 2347ms (cache miss)
745 http fetch GET 200 https://registry.npmjs.org/socket.io-parser/-/socket.io-parser-4.2.6.tgz 2401ms (cache miss)
746 http fetch GET 200 https://registry.npmjs.org/iconv-lite/-/iconv-lite-0.7.2.tgz 2359ms (cache miss)
747 http fetch GET 200 https://registry.npmjs.org/engine.io/-/engine.io-6.6.8.tgz 2441ms (cache miss)
748 http fetch GET 200 https://registry.npmjs.org/socket.io/-/socket.io-4.8.3.tgz 2351ms (cache miss)
749 http fetch GET 200 https://registry.npmjs.org/@types/node/-/node-25.9.2.tgz 2495ms (cache miss)
750 silly ADD node_modules/media-typer
751 silly ADD node_modules/@socket.io/component-emitter
752 silly ADD node_modules/undici-types
753 silly ADD node_modules/ws
754 silly ADD node_modules/engine.io-parser
755 silly ADD node_modules/@types/ws
756 silly ADD node_modules/@types/node
757 silly ADD node_modules/@types/cors
758 silly ADD node_modules/object-assign
759 silly ADD node_modules/socket.io-parser
760 silly ADD node_modules/socket.io-adapter
761 silly ADD node_modules/engine.io
762 silly ADD node_modules/engine.io/node_modules/mime-db
763 silly ADD node_modules/engine.io/node_modules/negotiator
764 silly ADD node_modules/engine.io/node_modules/mime-types
765 silly ADD node_modules/engine.io/node_modules/accepts
766 silly ADD node_modules/cors
767 silly ADD node_modules/base64id
768 silly ADD node_modules/dunder-proto
769 silly ADD node_modules/math-intrinsics
770 silly ADD node_modules/hasown
771 silly ADD node_modules/has-symbols
772 silly ADD node_modules/gopd
773 silly ADD node_modules/get-proto
774 silly ADD node_modules/es-object-atoms
775 silly ADD node_modules/es-define-property
776 silly ADD node_modules/function-bind
777 silly ADD node_modules/call-bind-apply-helpers
778 silly ADD node_modules/get-intrinsic
779 silly ADD node_modules/call-bound
780 silly ADD node_modules/side-channel-weakmap
781 silly ADD node_modules/side-channel-map
782 silly ADD node_modules/side-channel-list
783 silly ADD node_modules/object-inspect
784 silly ADD node_modules/es-errors
785 silly ADD node_modules/path-to-regexp
786 silly ADD node_modules/is-promise
787 silly ADD node_modules/unpipe
788 silly ADD node_modules/side-channel
789 silly ADD node_modules/ipaddr.js
790 silly ADD node_modules/forwarded
791 silly ADD node_modules/wrappy
792 silly ADD node_modules/ee-first
793 silly ADD node_modules/mime-db
794 silly ADD node_modules/safer-buffer
795 silly ADD node_modules/toidentifier
796 silly ADD node_modules/setprototypeof
797 silly ADD node_modules/inherits
798 silly ADD node_modules/ms
799 silly ADD node_modules/raw-body
800 silly ADD node_modules/iconv-lite
801 silly ADD node_modules/bytes
802 silly ADD node_modules/negotiator
803 silly ADD node_modules/vary
804 silly ADD node_modules/type-is
805 silly ADD node_modules/type-is/node_modules/content-type
806 silly ADD node_modules/statuses
807 silly ADD node_modules/serve-static
808 silly ADD node_modules/send
809 silly ADD node_modules/router
810 silly ADD node_modules/range-parser
811 silly ADD node_modules/qs
812 silly ADD node_modules/proxy-addr
813 silly ADD node_modules/parseurl
814 silly ADD node_modules/once
815 silly ADD node_modules/on-finished
816 silly ADD node_modules/mime-types
817 silly ADD node_modules/merge-descriptors
818 silly ADD node_modules/http-errors
819 silly ADD node_modules/fresh
820 silly ADD node_modules/finalhandler
821 silly ADD node_modules/etag
822 silly ADD node_modules/escape-html
823 silly ADD node_modules/encodeurl
824 silly ADD node_modules/depd
825 silly ADD node_modules/debug
826 silly ADD node_modules/cookie-signature
827 silly ADD node_modules/cookie
828 silly ADD node_modules/content-type
829 silly ADD node_modules/content-disposition
830 silly ADD node_modules/body-parser
831 silly ADD node_modules/accepts
832 silly ADD node_modules/socket.io
833 silly ADD node_modules/socket.io/node_modules/mime-db
834 silly ADD node_modules/socket.io/node_modules/negotiator
835 silly ADD node_modules/socket.io/node_modules/mime-types
836 silly ADD node_modules/socket.io/node_modules/accepts
837 silly ADD node_modules/express
838 verbose cwd /data/data/com.termux/files/home/gizli-cat
839 verbose os Linux 5.10.236-android12-9-00006-g71f3aedc8b92-ab14427738
840 verbose node v26.2.0
841 verbose npm  v11.16.0
842 verbose exit 0
843 info ok
